<?xml version="1.0" encoding="UTF-8"?>
<!-- Generated by org.testng.reporters.JUnitXMLReporter -->
<testsuite ignored="0" hostname="DESKTOP-CQUQF6I" failures="1" tests="2" name="OyoTestOnFireFox" time="27.248" errors="0" timestamp="2022-02-16T16:28:14 IST">
  <testcase classname="Test02" name="@BeforeMethod UrlAnd_Login" time="2.897">
    <failure type="java.lang.NullPointerException" message="Cannot invoke &amp;quot;roomBooking_POM_Class.Header.clickLogin_Signup()&amp;quot; because &amp;quot;this.header&amp;quot; is null">
      <![CDATA[java.lang.NullPointerException: Cannot invoke "roomBooking_POM_Class.Header.clickLogin_Signup()" because "this.header" is null
at Test02.UrlAnd_Login(Test02.java:109)
at java.base/java.util.ArrayList.forEach(ArrayList.java:1511)
... Removed 31 stack frames]]>
    </failure>
  </testcase> <!-- @BeforeMethod UrlAnd_Login -->
  <testcase classname="Test02" name="@AfterMethod captureScreenShot" time="-1.645009092486E9">
    <skipped/>
  </testcase> <!-- @AfterMethod captureScreenShot -->
  <testcase classname="Test02" name="@AfterClass clearObjectsOfPOMMethods" time="-1.645009092487E9">
    <skipped/>
  </testcase> <!-- @AfterClass clearObjectsOfPOMMethods -->
  <testcase classname="Test01" name="test01" time="11.469">
    <failure type="java.lang.AssertionError" message="The following asserts failed:
	FAIL// Title is not Matched expected [https://www.oyorooms.com/112501/?checkin=20%2F02%2F2022&amp;amp;checkout=21%2F02%2F2022&amp;amp;guests=3&amp;amp;modal=bookingSummary&amp;amp;rooms=2&amp;amp;rooms_config=2-1_0-2_0&amp;amp;selected_rcid=272950] but found [https://www.oyorooms.com/112501/?checkin=20%2F02%2F2022&amp;amp;checkout=21%2F02%2F2022&amp;amp;rooms=2&amp;amp;guests=3&amp;amp;rooms_config=2-1_0-2_0&amp;amp;selected_rcid=272950]">
      <![CDATA[java.lang.AssertionError: The following asserts failed:
FAIL// Title is not Matched expected [https://www.oyorooms.com/112501/?checkin=20%2F02%2F2022&checkout=21%2F02%2F2022&guests=3&modal=bookingSummary&rooms=2&rooms_config=2-1_0-2_0&selected_rcid=272950] but found [https://www.oyorooms.com/112501/?checkin=20%2F02%2F2022&checkout=21%2F02%2F2022&rooms=2&guests=3&rooms_config=2-1_0-2_0&selected_rcid=272950]
at Test01.test01(Test01.java:189)
at java.base/java.util.ArrayList.forEach(ArrayList.java:1511)
... Removed 29 stack frames]]>
    </failure>
  </testcase> <!-- test01 -->
  <testcase classname="Test02" name="testOfficialOYOBlog" time="0.0">
    <skipped/>
  </testcase> <!-- testOfficialOYOBlog -->
</testsuite> <!-- OyoTestOnFireFox -->
