<?xml version="1.0" encoding="UTF-8"?>
<!-- Generated by org.testng.reporters.JUnitXMLReporter -->
<testsuite ignored="0" hostname="DESKTOP-CQUQF6I" failures="0" tests="2" name="OyoTestOnedge" time="0.016" errors="0" timestamp="2022-03-04T21:02:46 IST">
  <testcase classname="Test01" name="@BeforeTest browserOpen" time="0.0">
    <failure type="java.lang.NullPointerException" message="Cannot invoke &amp;quot;org.openqa.selenium.WebDriver.manage()&amp;quot; because &amp;quot;this.driver&amp;quot; is null">
      <![CDATA[java.lang.NullPointerException: Cannot invoke "org.openqa.selenium.WebDriver.manage()" because "this.driver" is null
at Test01.browserOpen(Test01.java:89)
... Removed 24 stack frames]]>
    </failure>
  </testcase> <!-- @BeforeTest browserOpen -->
  <testcase classname="Test02" name="@BeforeTest browserOpen" time="-1.646407966748E9">
    <skipped/>
  </testcase> <!-- @BeforeTest browserOpen -->
  <testcase classname="Test01" name="@BeforeClass objectsOfPOMMethods" time="-1.646407966749E9">
    <skipped/>
  </testcase> <!-- @BeforeClass objectsOfPOMMethods -->
  <testcase classname="Test01" name="@BeforeMethod UrlAnd_Login" time="-1.64640796675E9">
    <skipped/>
  </testcase> <!-- @BeforeMethod UrlAnd_Login -->
  <testcase classname="Test01" name="@AfterMethod captureScreenshot" time="-1.646407966752E9">
    <skipped/>
  </testcase> <!-- @AfterMethod captureScreenshot -->
  <testcase classname="Test01" name="@AfterClass clearObjectsOfPOMMethods" time="-1.646407966754E9">
    <skipped/>
  </testcase> <!-- @AfterClass clearObjectsOfPOMMethods -->
  <testcase classname="Test02" name="@BeforeClass objectsOfPOMMethods" time="-1.646407966756E9">
    <skipped/>
  </testcase> <!-- @BeforeClass objectsOfPOMMethods -->
  <testcase classname="Test02" name="@BeforeMethod UrlAnd_Login" time="-1.646407966756E9">
    <skipped/>
  </testcase> <!-- @BeforeMethod UrlAnd_Login -->
  <testcase classname="Test02" name="@AfterMethod captureScreenShot" time="-1.646407966758E9">
    <skipped/>
  </testcase> <!-- @AfterMethod captureScreenShot -->
  <testcase classname="Test02" name="@AfterClass clearObjectsOfPOMMethods" time="-1.646407966759E9">
    <skipped/>
  </testcase> <!-- @AfterClass clearObjectsOfPOMMethods -->
  <testcase classname="Test01" name="@AfterTest browserClose" time="-1.64640796676E9">
    <skipped/>
  </testcase> <!-- @AfterTest browserClose -->
  <testcase classname="Test02" name="@AfterTest browserclose" time="-1.646407966761E9">
    <skipped/>
  </testcase> <!-- @AfterTest browserclose -->
  <testcase classname="Test01" name="test01" time="0.0">
    <skipped/>
  </testcase> <!-- test01 -->
  <testcase classname="Test02" name="testOfficialOYOBlog" time="0.0">
    <skipped/>
  </testcase> <!-- testOfficialOYOBlog -->
</testsuite> <!-- OyoTestOnedge -->
