<?xml version="1.0" encoding="UTF-8"?>
<!-- Generated by org.testng.reporters.JUnitXMLReporter -->
<testsuite ignored="0" hostname="DESKTOP-CQUQF6I" failures="0" tests="2" name="OyoTestOnFireFox" time="0.015" errors="0" timestamp="2022-03-04T21:02:46 IST">
  <testcase classname="Test01" name="@BeforeTest browserOpen" time="0.001">
    <failure type="java.lang.NullPointerException" message="Cannot invoke &amp;quot;org.openqa.selenium.WebDriver.manage()&amp;quot; because &amp;quot;this.driver&amp;quot; is null">
      <![CDATA[java.lang.NullPointerException: Cannot invoke "org.openqa.selenium.WebDriver.manage()" because "this.driver" is null
at Test01.browserOpen(Test01.java:89)
... Removed 24 stack frames]]>
    </failure>
  </testcase> <!-- @BeforeTest browserOpen -->
  <testcase classname="Test02" name="@BeforeTest browserOpen" time="-1.646407966685E9">
    <skipped/>
  </testcase> <!-- @BeforeTest browserOpen -->
  <testcase classname="Test01" name="@BeforeClass objectsOfPOMMethods" time="-1.646407966687E9">
    <skipped/>
  </testcase> <!-- @BeforeClass objectsOfPOMMethods -->
  <testcase classname="Test01" name="@BeforeMethod UrlAnd_Login" time="-1.646407966688E9">
    <skipped/>
  </testcase> <!-- @BeforeMethod UrlAnd_Login -->
  <testcase classname="Test01" name="@AfterMethod captureScreenshot" time="-1.64640796669E9">
    <skipped/>
  </testcase> <!-- @AfterMethod captureScreenshot -->
  <testcase classname="Test01" name="@AfterClass clearObjectsOfPOMMethods" time="-1.646407966691E9">
    <skipped/>
  </testcase> <!-- @AfterClass clearObjectsOfPOMMethods -->
  <testcase classname="Test02" name="@BeforeClass objectsOfPOMMethods" time="-1.646407966691E9">
    <skipped/>
  </testcase> <!-- @BeforeClass objectsOfPOMMethods -->
  <testcase classname="Test02" name="@BeforeMethod UrlAnd_Login" time="-1.646407966692E9">
    <skipped/>
  </testcase> <!-- @BeforeMethod UrlAnd_Login -->
  <testcase classname="Test02" name="@AfterMethod captureScreenShot" time="-1.646407966694E9">
    <skipped/>
  </testcase> <!-- @AfterMethod captureScreenShot -->
  <testcase classname="Test02" name="@AfterClass clearObjectsOfPOMMethods" time="-1.646407966695E9">
    <skipped/>
  </testcase> <!-- @AfterClass clearObjectsOfPOMMethods -->
  <testcase classname="Test01" name="@AfterTest browserClose" time="-1.646407966696E9">
    <skipped/>
  </testcase> <!-- @AfterTest browserClose -->
  <testcase classname="Test02" name="@AfterTest browserclose" time="-1.646407966697E9">
    <skipped/>
  </testcase> <!-- @AfterTest browserclose -->
  <testcase classname="Test01" name="test01" time="0.0">
    <skipped/>
  </testcase> <!-- test01 -->
  <testcase classname="Test02" name="testOfficialOYOBlog" time="0.0">
    <skipped/>
  </testcase> <!-- testOfficialOYOBlog -->
</testsuite> <!-- OyoTestOnFireFox -->
